<?xml version="1.0" encoding="UTF-8"?>
<!-- Generated by org.testng.reporters.JUnitXMLReporter -->
<testsuite ignored="0" hostname="Aldrin" failures="0" tests="5" name="App Name Home Page Test_chrome" time="23.398" errors="0" timestamp="2024-10-22T01:41:32 PST">
  <testcase classname="com.qa.appname.tests.HomePageTest" name="homePageTitleTest" time="0.012"/>
  <testcase classname="com.qa.appname.tests.HomePageTest" name="homePageURLTest" time="0.001"/>
  <testcase classname="com.qa.appname.tests.HomePageTest" name="searchTest" time="5.363"/>
  <testcase classname="com.qa.appname.tests.HomePageTest" name="searchTest" time="5.337"/>
  <testcase classname="com.qa.appname.tests.HomePageTest" name="searchTest" time="5.367"/>
</testsuite> <!-- App Name Home Page Test_chrome -->
